0.005104 1013
0.942254 6
0.000080 29
0.000827 8
0.000106 202
0.001571 1178
0.000818 5
0.000736 5
0.000317 6
0.000096 8
1.417100 1
0.000969 5
0.000886 16
0.270735 8
0.001224 5
0.304524 6
0.001234 5
1.201054 5
0.001779 5
0.000497 6
0.000025 102
0.000007 6
0.000145 3
0.000208 8
0.003177 33
0.000145 142
0.000010 8
0.021422 1178
0.000973 5
0.001050 5
0.000509 8
2.189775 10
0.001077 5
0.001038 42
0.049574 178
0.001136 5
0.000525 178
0.000830 5
0.000478 178
0.000955 5
0.000473 178
0.000900 5
0.000474 178
0.000925 5
0.000459 178
0.000952 5
0.000475 178
0.000895 5
0.000473 178
0.000989 5
0.000391 178
0.000857 5
0.000378 178
0.000833 5
0.000378 178
0.000736 5
0.000382 178
0.000729 5
0.000380 178
0.000740 5
0.000396 178
0.000793 5
0.000451 178
0.000785 5
0.000404 178
0.000774 5
0.000382 178
0.000748 5
0.000382 178
0.000744 5
0.000378 178
0.000733 5
0.000379 178
0.000731 5
0.000376 178
0.000734 5
0.000491 178
0.000717 5
0.000382 178
0.000841 5
0.000374 178
0.000833 5
0.000366 178
0.000733 5
0.000370 178
0.000928 5
0.000383 178
0.000811 5
0.057190 5
0.000658 6
0.001832 1178
0.000008 40
0.000169 6
0.000251 1
0.000490 46
0.000975 5
0.000399 1
0.000746 5
0.001185 5
0.001149 5
0.001070 5
0.000361 168
0.000763 5
1.577991 6
0.000021 88
0.000014 41
0.000012 6
0.000229 11
0.000449 142
0.037786 1437
0.001374 5
0.001576 5
0.000851 6
0.002819 1440
0.000232 6
0.003633 1440
0.000728 8
1.004197 5
0.000489 6
0.001697 1440
0.000138 6
0.002156 1440
0.001062 5
0.223249 1
0.001084 5
0.001130 18
0.241329 8
0.001238 5
0.091085 6
0.001170 5
0.163038 6
0.001266 5
0.093833 5
0.001607 5
0.000491 6
0.000039 105
0.000011 6
0.000129 3
0.000204 8
